<?xml version="1.0" encoding="UTF-8"?>
<!-- Generated by org.testng.reporters.JUnitReportReporter -->
<testsuite skipped="0" hostname="DESKTOP-VTBT3RG" name="TestNGBasics.SecondClass" tests="3" failures="0" timestamp="2023-04-09T10:55:37 IST" time="0.006" errors="0">
  <testcase name="Testcase4" time="0.002" classname="TestNGBasics.SecondClass"/>
  <system-out/>
  <testcase name="Testcase5" time="0.002" classname="TestNGBasics.SecondClass"/>
  <system-out/>
  <testcase name="Testcase6" time="0.002" classname="TestNGBasics.SecondClass"/>
  <system-out/>
</testsuite> <!-- TestNGBasics.SecondClass -->
