<?xml version="1.0" encoding="UTF-8"?>
<!-- Generated by org.testng.reporters.JUnitReportReporter -->
<testsuite skipped="0" hostname="DESKTOP-VTBT3RG" name="Testcases.Facebooklogin" tests="4" failures="0" timestamp="2023-04-15T11:54:34 IST" time="22.031" errors="0">
  <testcase name="facebookloginandlogout" time="7.023" classname="Testcases.Facebooklogin"/>
  <system-out/>
  <testcase name="facebookloginandlogout" time="7.015" classname="Testcases.Facebooklogin"/>
  <system-out/>
  <testcase name="facebookloginandlogout" time="6.024" classname="Testcases.Facebooklogin"/>
  <system-out/>
  <testcase name="facebookInvalidusername" time="1.969" classname="Testcases.Facebooklogin"/>
  <system-out/>
</testsuite> <!-- Testcases.Facebooklogin -->
