<?xml version="1.0" encoding="UTF-8"?>
<!-- Generated by org.testng.reporters.JUnitReportReporter -->
<testsuite skipped="0" hostname="DESKTOP-VTBT3RG" name="Testcases.Facebooklogin" tests="4" failures="0" timestamp="2023-04-15T12:00:56 IST" time="21.513" errors="0">
  <testcase name="facebookloginandlogout" time="5.967" classname="Testcases.Facebooklogin"/>
  <system-out/>
  <testcase name="facebookloginandlogout" time="6.351" classname="Testcases.Facebooklogin"/>
  <system-out/>
  <testcase name="facebookloginandlogout" time="7.623" classname="Testcases.Facebooklogin"/>
  <system-out/>
  <testcase name="facebookInvalidusername" time="1.572" classname="Testcases.Facebooklogin"/>
  <system-out/>
</testsuite> <!-- Testcases.Facebooklogin -->
